2023-05-16 12:18:17 INFO  c.d.h.Application:55 -   - Starting Application using Java 17.0.5 on ASUS-TUF-A15-WIRY with PID 31072 (E:\_study\datadog\logging-test-pgd\docker-hello-world-spring-boot\target\classes started by Shilvalen in E:\_study\datadog\logging-test-pgd\docker-hello-world-spring-boot)
2023-05-16 12:18:17 INFO  c.d.h.Application:631 -   - No active profile set, falling back to 1 default profile: "default"
2023-05-16 12:18:18 INFO  o.s.b.w.e.t.TomcatWebServer:108 -   - Tomcat initialized with port(s): 8080 (http)
2023-05-16 12:18:18 INFO  o.a.c.h.Http11NioProtocol:173 -   - Initializing ProtocolHandler ["http-nio-8080"]
2023-05-16 12:18:18 INFO  o.a.c.c.StandardService:173 -   - Starting service [Tomcat]
2023-05-16 12:18:18 INFO  o.a.c.c.StandardEngine:173 -   - Starting Servlet engine: [Apache Tomcat/9.0.74]
2023-05-16 12:18:18 INFO  o.a.c.c.C.[.[.[/]:173 -   - Initializing Spring embedded WebApplicationContext
2023-05-16 12:18:18 INFO  o.s.b.w.s.c.ServletWebServerApplicationContext:292 -   - Root WebApplicationContext: initialization completed in 1383 ms
2023-05-16 12:18:19 INFO  o.a.c.h.Http11NioProtocol:173 -   - Starting ProtocolHandler ["http-nio-8080"]
2023-05-16 12:18:19 INFO  o.s.b.w.e.t.TomcatWebServer:220 -   - Tomcat started on port(s): 8080 (http) with context path ''
2023-05-16 12:18:19 INFO  c.d.h.Application:61 -   - Started Application in 2.462 seconds (JVM running for 2.923)
2023-05-16 12:18:19 INFO  o.a.c.c.C.[.[.[/]:173 -   - Initializing Spring DispatcherServlet 'dispatcherServlet'
2023-05-16 12:18:19 INFO  o.s.w.s.DispatcherServlet:525 -   - Initializing Servlet 'dispatcherServlet'
2023-05-16 12:18:19 INFO  o.s.w.s.DispatcherServlet:547 -   - Completed initialization in 0 ms
2023-05-16 12:18:19 INFO  c.d.h.HelloController:16 -   - An INFO Message
2023-05-16 12:18:19 WARN  c.d.h.HelloController:17 -   - A WARN Message
2023-05-16 12:18:19 ERROR c.d.h.HelloController:18 -   - An ERROR Message
2023-05-16 12:18:21 INFO  c.d.h.HelloController:16 -   - An INFO Message
2023-05-16 12:18:21 WARN  c.d.h.HelloController:17 -   - A WARN Message
2023-05-16 12:18:21 ERROR c.d.h.HelloController:18 -   - An ERROR Message
2023-05-16 12:18:23 INFO  c.d.h.HelloController:16 -   - An INFO Message
2023-05-16 12:18:23 WARN  c.d.h.HelloController:17 -   - A WARN Message
2023-05-16 12:18:23 ERROR c.d.h.HelloController:18 -   - An ERROR Message
2023-05-16 12:18:25 INFO  c.d.h.HelloController:16 -   - An INFO Message
2023-05-16 12:18:25 WARN  c.d.h.HelloController:17 -   - A WARN Message
2023-05-16 12:18:25 ERROR c.d.h.HelloController:18 -   - An ERROR Message
2023-05-16 12:18:27 INFO  c.d.h.HelloController:16 -   - An INFO Message
2023-05-16 12:18:27 WARN  c.d.h.HelloController:17 -   - A WARN Message
2023-05-16 12:18:27 ERROR c.d.h.HelloController:18 -   - An ERROR Message
2023-05-16 12:18:29 INFO  c.d.h.HelloController:16 -   - An INFO Message
2023-05-16 12:18:29 WARN  c.d.h.HelloController:17 -   - A WARN Message
2023-05-16 12:18:29 ERROR c.d.h.HelloController:18 -   - An ERROR Message
2023-05-16 12:18:31 INFO  c.d.h.HelloController:16 -   - An INFO Message
2023-05-16 12:18:31 WARN  c.d.h.HelloController:17 -   - A WARN Message
2023-05-16 12:18:31 ERROR c.d.h.HelloController:18 -   - An ERROR Message
2023-05-16 12:18:33 INFO  c.d.h.HelloController:16 -   - An INFO Message
2023-05-16 12:18:33 WARN  c.d.h.HelloController:17 -   - A WARN Message
2023-05-16 12:18:33 ERROR c.d.h.HelloController:18 -   - An ERROR Message
2023-05-16 12:18:36 INFO  c.d.h.HelloController:16 -   - An INFO Message
2023-05-16 12:18:36 WARN  c.d.h.HelloController:17 -   - A WARN Message
2023-05-16 12:18:36 ERROR c.d.h.HelloController:18 -   - An ERROR Message
2023-05-16 12:18:38 INFO  c.d.h.HelloController:16 -   - An INFO Message
2023-05-16 12:18:38 WARN  c.d.h.HelloController:17 -   - A WARN Message
2023-05-16 12:18:38 ERROR c.d.h.HelloController:18 -   - An ERROR Message
2023-05-16 12:18:40 INFO  c.d.h.HelloController:16 -   - An INFO Message
2023-05-16 12:18:40 WARN  c.d.h.HelloController:17 -   - A WARN Message
2023-05-16 12:18:40 ERROR c.d.h.HelloController:18 -   - An ERROR Message
2023-05-16 12:18:42 INFO  c.d.h.HelloController:16 -   - An INFO Message
2023-05-16 12:18:42 WARN  c.d.h.HelloController:17 -   - A WARN Message
2023-05-16 12:18:42 ERROR c.d.h.HelloController:18 -   - An ERROR Message
2023-05-16 12:18:44 INFO  c.d.h.HelloController:16 -   - An INFO Message
2023-05-16 12:18:44 WARN  c.d.h.HelloController:17 -   - A WARN Message
2023-05-16 12:18:44 ERROR c.d.h.HelloController:18 -   - An ERROR Message
2023-05-16 12:18:46 INFO  c.d.h.HelloController:16 -   - An INFO Message
2023-05-16 12:18:46 WARN  c.d.h.HelloController:17 -   - A WARN Message
2023-05-16 12:18:46 ERROR c.d.h.HelloController:18 -   - An ERROR Message
2023-05-16 12:18:48 INFO  c.d.h.HelloController:16 -   - An INFO Message
2023-05-16 12:18:48 WARN  c.d.h.HelloController:17 -   - A WARN Message
2023-05-16 12:18:48 ERROR c.d.h.HelloController:18 -   - An ERROR Message
2023-05-16 12:18:50 INFO  c.d.h.HelloController:16 -   - An INFO Message
2023-05-16 12:18:50 WARN  c.d.h.HelloController:17 -   - A WARN Message
2023-05-16 12:18:50 ERROR c.d.h.HelloController:18 -   - An ERROR Message
2023-05-16 12:18:52 INFO  c.d.h.HelloController:16 -   - An INFO Message
2023-05-16 12:18:52 WARN  c.d.h.HelloController:17 -   - A WARN Message
2023-05-16 12:18:52 ERROR c.d.h.HelloController:18 -   - An ERROR Message
2023-05-16 12:18:54 INFO  c.d.h.HelloController:16 -   - An INFO Message
2023-05-16 12:18:54 WARN  c.d.h.HelloController:17 -   - A WARN Message
2023-05-16 12:18:54 ERROR c.d.h.HelloController:18 -   - An ERROR Message
2023-05-16 12:18:56 INFO  c.d.h.HelloController:16 -   - An INFO Message
2023-05-16 12:18:56 WARN  c.d.h.HelloController:17 -   - A WARN Message
2023-05-16 12:18:56 ERROR c.d.h.HelloController:18 -   - An ERROR Message
2023-05-16 12:18:58 INFO  c.d.h.HelloController:16 -   - An INFO Message
2023-05-16 12:18:58 WARN  c.d.h.HelloController:17 -   - A WARN Message
2023-05-16 12:18:58 ERROR c.d.h.HelloController:18 -   - An ERROR Message
2023-05-16 12:19:01 INFO  c.d.h.HelloController:16 -   - An INFO Message
2023-05-16 12:19:01 WARN  c.d.h.HelloController:17 -   - A WARN Message
2023-05-16 12:19:01 ERROR c.d.h.HelloController:18 -   - An ERROR Message
2023-05-16 12:19:03 INFO  c.d.h.HelloController:16 -   - An INFO Message
2023-05-16 12:19:03 WARN  c.d.h.HelloController:17 -   - A WARN Message
2023-05-16 12:19:03 ERROR c.d.h.HelloController:18 -   - An ERROR Message
2023-05-16 12:19:05 INFO  c.d.h.HelloController:16 -   - An INFO Message
2023-05-16 12:19:05 WARN  c.d.h.HelloController:17 -   - A WARN Message
2023-05-16 12:19:05 ERROR c.d.h.HelloController:18 -   - An ERROR Message
2023-05-16 12:19:07 INFO  c.d.h.HelloController:16 -   - An INFO Message
2023-05-16 12:19:07 WARN  c.d.h.HelloController:17 -   - A WARN Message
2023-05-16 12:19:07 ERROR c.d.h.HelloController:18 -   - An ERROR Message
2023-05-16 12:19:09 INFO  c.d.h.HelloController:16 -   - An INFO Message
2023-05-16 12:19:09 WARN  c.d.h.HelloController:17 -   - A WARN Message
2023-05-16 12:19:09 ERROR c.d.h.HelloController:18 -   - An ERROR Message
2023-05-16 12:19:11 INFO  c.d.h.HelloController:16 -   - An INFO Message
2023-05-16 12:19:11 WARN  c.d.h.HelloController:17 -   - A WARN Message
2023-05-16 12:19:11 ERROR c.d.h.HelloController:18 -   - An ERROR Message
2023-05-16 12:19:13 INFO  c.d.h.HelloController:16 -   - An INFO Message
2023-05-16 12:19:13 WARN  c.d.h.HelloController:17 -   - A WARN Message
2023-05-16 12:19:13 ERROR c.d.h.HelloController:18 -   - An ERROR Message
2023-05-16 12:19:15 INFO  c.d.h.HelloController:16 -   - An INFO Message
2023-05-16 12:19:15 WARN  c.d.h.HelloController:17 -   - A WARN Message
2023-05-16 12:19:15 ERROR c.d.h.HelloController:18 -   - An ERROR Message
2023-05-16 12:19:17 INFO  c.d.h.HelloController:16 -   - An INFO Message
2023-05-16 12:19:17 WARN  c.d.h.HelloController:17 -   - A WARN Message
2023-05-16 12:19:17 ERROR c.d.h.HelloController:18 -   - An ERROR Message
2023-05-16 12:19:19 INFO  c.d.h.HelloController:16 -   - An INFO Message
2023-05-16 12:19:19 WARN  c.d.h.HelloController:17 -   - A WARN Message
2023-05-16 12:19:19 ERROR c.d.h.HelloController:18 -   - An ERROR Message
2023-05-16 12:19:21 INFO  c.d.h.HelloController:16 -   - An INFO Message
2023-05-16 12:19:21 WARN  c.d.h.HelloController:17 -   - A WARN Message
2023-05-16 12:19:21 ERROR c.d.h.HelloController:18 -   - An ERROR Message
2023-05-16 12:19:23 INFO  c.d.h.HelloController:16 -   - An INFO Message
2023-05-16 12:19:23 WARN  c.d.h.HelloController:17 -   - A WARN Message
2023-05-16 12:19:23 ERROR c.d.h.HelloController:18 -   - An ERROR Message
2023-05-16 12:19:25 INFO  c.d.h.HelloController:16 -   - An INFO Message
2023-05-16 12:19:25 WARN  c.d.h.HelloController:17 -   - A WARN Message
2023-05-16 12:19:25 ERROR c.d.h.HelloController:18 -   - An ERROR Message
2023-05-16 12:19:28 INFO  c.d.h.HelloController:16 -   - An INFO Message
2023-05-16 12:19:28 WARN  c.d.h.HelloController:17 -   - A WARN Message
2023-05-16 12:19:28 ERROR c.d.h.HelloController:18 -   - An ERROR Message
2023-05-16 12:19:30 INFO  c.d.h.HelloController:16 -   - An INFO Message
2023-05-16 12:19:30 WARN  c.d.h.HelloController:17 -   - A WARN Message
2023-05-16 12:19:30 ERROR c.d.h.HelloController:18 -   - An ERROR Message
2023-05-16 12:19:32 INFO  c.d.h.HelloController:16 -   - An INFO Message
2023-05-16 12:19:32 WARN  c.d.h.HelloController:17 -   - A WARN Message
2023-05-16 12:19:32 ERROR c.d.h.HelloController:18 -   - An ERROR Message
2023-05-16 12:19:34 INFO  c.d.h.HelloController:16 -   - An INFO Message
2023-05-16 12:19:34 WARN  c.d.h.HelloController:17 -   - A WARN Message
2023-05-16 12:19:34 ERROR c.d.h.HelloController:18 -   - An ERROR Message
2023-05-16 12:19:36 INFO  c.d.h.HelloController:16 -   - An INFO Message
2023-05-16 12:19:36 WARN  c.d.h.HelloController:17 -   - A WARN Message
2023-05-16 12:19:36 ERROR c.d.h.HelloController:18 -   - An ERROR Message
2023-05-16 12:19:38 INFO  c.d.h.HelloController:16 -   - An INFO Message
2023-05-16 12:19:38 WARN  c.d.h.HelloController:17 -   - A WARN Message
2023-05-16 12:19:38 ERROR c.d.h.HelloController:18 -   - An ERROR Message
2023-05-16 12:19:40 INFO  c.d.h.HelloController:16 -   - An INFO Message
2023-05-16 12:19:40 WARN  c.d.h.HelloController:17 -   - A WARN Message
2023-05-16 12:19:40 ERROR c.d.h.HelloController:18 -   - An ERROR Message
2023-05-16 12:19:42 INFO  c.d.h.HelloController:16 -   - An INFO Message
2023-05-16 12:19:42 WARN  c.d.h.HelloController:17 -   - A WARN Message
2023-05-16 12:19:42 ERROR c.d.h.HelloController:18 -   - An ERROR Message
2023-05-16 12:19:44 INFO  c.d.h.HelloController:16 -   - An INFO Message
2023-05-16 12:19:44 WARN  c.d.h.HelloController:17 -   - A WARN Message
2023-05-16 12:19:44 ERROR c.d.h.HelloController:18 -   - An ERROR Message
2023-05-16 12:19:46 INFO  c.d.h.HelloController:16 -   - An INFO Message
2023-05-16 12:19:46 WARN  c.d.h.HelloController:17 -   - A WARN Message
2023-05-16 12:19:46 ERROR c.d.h.HelloController:18 -   - An ERROR Message
2023-05-16 12:19:48 INFO  c.d.h.HelloController:16 -   - An INFO Message
2023-05-16 12:19:48 WARN  c.d.h.HelloController:17 -   - A WARN Message
2023-05-16 12:19:48 ERROR c.d.h.HelloController:18 -   - An ERROR Message
2023-05-16 12:19:50 INFO  c.d.h.HelloController:16 -   - An INFO Message
2023-05-16 12:19:50 WARN  c.d.h.HelloController:17 -   - A WARN Message
2023-05-16 12:19:50 ERROR c.d.h.HelloController:18 -   - An ERROR Message
2023-05-16 12:19:52 INFO  c.d.h.HelloController:16 -   - An INFO Message
2023-05-16 12:19:52 WARN  c.d.h.HelloController:17 -   - A WARN Message
2023-05-16 12:19:52 ERROR c.d.h.HelloController:18 -   - An ERROR Message
2023-05-16 12:19:54 INFO  c.d.h.HelloController:16 -   - An INFO Message
2023-05-16 12:19:54 WARN  c.d.h.HelloController:17 -   - A WARN Message
2023-05-16 12:19:54 ERROR c.d.h.HelloController:18 -   - An ERROR Message
2023-05-16 12:19:57 INFO  c.d.h.HelloController:16 -   - An INFO Message
2023-05-16 12:19:57 WARN  c.d.h.HelloController:17 -   - A WARN Message
2023-05-16 12:19:57 ERROR c.d.h.HelloController:18 -   - An ERROR Message
2023-05-16 12:19:59 INFO  c.d.h.HelloController:16 -   - An INFO Message
2023-05-16 12:19:59 WARN  c.d.h.HelloController:17 -   - A WARN Message
2023-05-16 12:19:59 ERROR c.d.h.HelloController:18 -   - An ERROR Message
2023-05-16 12:20:01 INFO  c.d.h.HelloController:16 -   - An INFO Message
2023-05-16 12:20:01 WARN  c.d.h.HelloController:17 -   - A WARN Message
2023-05-16 12:20:01 ERROR c.d.h.HelloController:18 -   - An ERROR Message
2023-05-16 12:20:03 INFO  c.d.h.HelloController:16 -   - An INFO Message
2023-05-16 12:20:03 WARN  c.d.h.HelloController:17 -   - A WARN Message
2023-05-16 12:20:03 ERROR c.d.h.HelloController:18 -   - An ERROR Message
2023-05-16 12:20:05 INFO  c.d.h.HelloController:16 -   - An INFO Message
2023-05-16 12:20:05 WARN  c.d.h.HelloController:17 -   - A WARN Message
2023-05-16 12:20:05 ERROR c.d.h.HelloController:18 -   - An ERROR Message
2023-05-16 12:20:07 INFO  c.d.h.HelloController:16 -   - An INFO Message
2023-05-16 12:20:07 WARN  c.d.h.HelloController:17 -   - A WARN Message
2023-05-16 12:20:07 ERROR c.d.h.HelloController:18 -   - An ERROR Message
2023-05-16 12:20:09 INFO  c.d.h.HelloController:16 -   - An INFO Message
2023-05-16 12:20:09 WARN  c.d.h.HelloController:17 -   - A WARN Message
2023-05-16 12:20:09 ERROR c.d.h.HelloController:18 -   - An ERROR Message
2023-05-16 12:20:11 INFO  c.d.h.HelloController:16 -   - An INFO Message
2023-05-16 12:20:11 WARN  c.d.h.HelloController:17 -   - A WARN Message
2023-05-16 12:20:11 ERROR c.d.h.HelloController:18 -   - An ERROR Message
2023-05-16 12:20:13 INFO  c.d.h.HelloController:16 -   - An INFO Message
2023-05-16 12:20:13 WARN  c.d.h.HelloController:17 -   - A WARN Message
2023-05-16 12:20:13 ERROR c.d.h.HelloController:18 -   - An ERROR Message
2023-05-16 12:20:15 INFO  c.d.h.HelloController:16 -   - An INFO Message
2023-05-16 12:20:15 WARN  c.d.h.HelloController:17 -   - A WARN Message
2023-05-16 12:20:15 ERROR c.d.h.HelloController:18 -   - An ERROR Message
2023-05-16 12:20:17 INFO  c.d.h.HelloController:16 -   - An INFO Message
2023-05-16 12:20:17 WARN  c.d.h.HelloController:17 -   - A WARN Message
2023-05-16 12:20:17 ERROR c.d.h.HelloController:18 -   - An ERROR Message
2023-05-16 12:20:19 INFO  c.d.h.HelloController:16 -   - An INFO Message
2023-05-16 12:20:19 WARN  c.d.h.HelloController:17 -   - A WARN Message
2023-05-16 12:20:19 ERROR c.d.h.HelloController:18 -   - An ERROR Message
2023-05-16 12:20:21 INFO  c.d.h.HelloController:16 -   - An INFO Message
2023-05-16 12:20:21 WARN  c.d.h.HelloController:17 -   - A WARN Message
2023-05-16 12:20:21 ERROR c.d.h.HelloController:18 -   - An ERROR Message
2023-05-16 12:20:23 INFO  c.d.h.HelloController:16 -   - An INFO Message
2023-05-16 12:20:23 WARN  c.d.h.HelloController:17 -   - A WARN Message
2023-05-16 12:20:23 ERROR c.d.h.HelloController:18 -   - An ERROR Message
2023-05-16 12:20:26 INFO  c.d.h.HelloController:16 -   - An INFO Message
2023-05-16 12:20:26 WARN  c.d.h.HelloController:17 -   - A WARN Message
2023-05-16 12:20:26 ERROR c.d.h.HelloController:18 -   - An ERROR Message
2023-05-16 12:20:28 INFO  c.d.h.HelloController:16 -   - An INFO Message
2023-05-16 12:20:28 WARN  c.d.h.HelloController:17 -   - A WARN Message
2023-05-16 12:20:28 ERROR c.d.h.HelloController:18 -   - An ERROR Message
2023-05-16 12:20:30 INFO  c.d.h.HelloController:16 -   - An INFO Message
2023-05-16 12:20:30 WARN  c.d.h.HelloController:17 -   - A WARN Message
2023-05-16 12:20:30 ERROR c.d.h.HelloController:18 -   - An ERROR Message
2023-05-16 12:20:32 INFO  c.d.h.HelloController:16 -   - An INFO Message
2023-05-16 12:20:32 WARN  c.d.h.HelloController:17 -   - A WARN Message
2023-05-16 12:20:32 ERROR c.d.h.HelloController:18 -   - An ERROR Message
2023-05-16 12:20:34 INFO  c.d.h.HelloController:16 -   - An INFO Message
2023-05-16 12:20:34 WARN  c.d.h.HelloController:17 -   - A WARN Message
2023-05-16 12:20:34 ERROR c.d.h.HelloController:18 -   - An ERROR Message
2023-05-16 12:20:36 INFO  c.d.h.HelloController:16 -   - An INFO Message
2023-05-16 12:20:36 WARN  c.d.h.HelloController:17 -   - A WARN Message
2023-05-16 12:20:36 ERROR c.d.h.HelloController:18 -   - An ERROR Message
2023-05-16 12:20:38 INFO  c.d.h.HelloController:16 -   - An INFO Message
2023-05-16 12:20:38 WARN  c.d.h.HelloController:17 -   - A WARN Message
2023-05-16 12:20:38 ERROR c.d.h.HelloController:18 -   - An ERROR Message
2023-05-16 12:20:40 INFO  c.d.h.HelloController:16 -   - An INFO Message
2023-05-16 12:20:40 WARN  c.d.h.HelloController:17 -   - A WARN Message
2023-05-16 12:20:40 ERROR c.d.h.HelloController:18 -   - An ERROR Message
2023-05-16 12:20:42 INFO  c.d.h.HelloController:16 -   - An INFO Message
2023-05-16 12:20:42 WARN  c.d.h.HelloController:17 -   - A WARN Message
2023-05-16 12:20:42 ERROR c.d.h.HelloController:18 -   - An ERROR Message
2023-05-16 12:20:44 INFO  c.d.h.HelloController:16 -   - An INFO Message
2023-05-16 12:20:44 WARN  c.d.h.HelloController:17 -   - A WARN Message
2023-05-16 12:20:44 ERROR c.d.h.HelloController:18 -   - An ERROR Message
2023-05-16 12:20:46 INFO  c.d.h.HelloController:16 -   - An INFO Message
2023-05-16 12:20:46 WARN  c.d.h.HelloController:17 -   - A WARN Message
2023-05-16 12:20:46 ERROR c.d.h.HelloController:18 -   - An ERROR Message
2023-05-16 12:20:48 INFO  c.d.h.HelloController:16 -   - An INFO Message
2023-05-16 12:20:48 WARN  c.d.h.HelloController:17 -   - A WARN Message
2023-05-16 12:20:48 ERROR c.d.h.HelloController:18 -   - An ERROR Message
2023-05-16 12:20:50 INFO  c.d.h.HelloController:16 -   - An INFO Message
2023-05-16 12:20:50 WARN  c.d.h.HelloController:17 -   - A WARN Message
2023-05-16 12:20:50 ERROR c.d.h.HelloController:18 -   - An ERROR Message
2023-05-16 12:20:52 INFO  c.d.h.HelloController:16 -   - An INFO Message
2023-05-16 12:20:52 WARN  c.d.h.HelloController:17 -   - A WARN Message
2023-05-16 12:20:52 ERROR c.d.h.HelloController:18 -   - An ERROR Message
2023-05-16 12:20:55 INFO  c.d.h.HelloController:16 -   - An INFO Message
2023-05-16 12:20:55 WARN  c.d.h.HelloController:17 -   - A WARN Message
2023-05-16 12:20:55 ERROR c.d.h.HelloController:18 -   - An ERROR Message
2023-05-16 12:20:57 INFO  c.d.h.HelloController:16 -   - An INFO Message
2023-05-16 12:20:57 WARN  c.d.h.HelloController:17 -   - A WARN Message
2023-05-16 12:20:57 ERROR c.d.h.HelloController:18 -   - An ERROR Message
2023-05-16 12:20:59 INFO  c.d.h.HelloController:16 -   - An INFO Message
2023-05-16 12:20:59 WARN  c.d.h.HelloController:17 -   - A WARN Message
2023-05-16 12:20:59 ERROR c.d.h.HelloController:18 -   - An ERROR Message
2023-05-16 12:21:01 INFO  c.d.h.HelloController:16 -   - An INFO Message
2023-05-16 12:21:01 WARN  c.d.h.HelloController:17 -   - A WARN Message
2023-05-16 12:21:01 ERROR c.d.h.HelloController:18 -   - An ERROR Message
2023-05-16 12:21:03 INFO  c.d.h.HelloController:16 -   - An INFO Message
2023-05-16 12:21:03 WARN  c.d.h.HelloController:17 -   - A WARN Message
2023-05-16 12:21:03 ERROR c.d.h.HelloController:18 -   - An ERROR Message
2023-05-16 12:21:05 INFO  c.d.h.HelloController:16 -   - An INFO Message
2023-05-16 12:21:05 WARN  c.d.h.HelloController:17 -   - A WARN Message
2023-05-16 12:21:05 ERROR c.d.h.HelloController:18 -   - An ERROR Message
2023-05-16 12:21:07 INFO  c.d.h.HelloController:16 -   - An INFO Message
2023-05-16 12:21:07 WARN  c.d.h.HelloController:17 -   - A WARN Message
2023-05-16 12:21:07 ERROR c.d.h.HelloController:18 -   - An ERROR Message
2023-05-16 12:21:09 INFO  c.d.h.HelloController:16 -   - An INFO Message
2023-05-16 12:21:09 WARN  c.d.h.HelloController:17 -   - A WARN Message
2023-05-16 12:21:09 ERROR c.d.h.HelloController:18 -   - An ERROR Message
2023-05-16 12:21:11 INFO  c.d.h.HelloController:16 -   - An INFO Message
2023-05-16 12:21:11 WARN  c.d.h.HelloController:17 -   - A WARN Message
2023-05-16 12:21:11 ERROR c.d.h.HelloController:18 -   - An ERROR Message
2023-05-16 12:21:13 INFO  c.d.h.HelloController:16 -   - An INFO Message
2023-05-16 12:21:13 WARN  c.d.h.HelloController:17 -   - A WARN Message
2023-05-16 12:21:13 ERROR c.d.h.HelloController:18 -   - An ERROR Message
2023-05-16 12:21:15 INFO  c.d.h.HelloController:16 -   - An INFO Message
2023-05-16 12:21:15 WARN  c.d.h.HelloController:17 -   - A WARN Message
2023-05-16 12:21:15 ERROR c.d.h.HelloController:18 -   - An ERROR Message
2023-05-16 12:21:17 INFO  c.d.h.HelloController:16 -   - An INFO Message
2023-05-16 12:21:17 WARN  c.d.h.HelloController:17 -   - A WARN Message
2023-05-16 12:21:17 ERROR c.d.h.HelloController:18 -   - An ERROR Message
2023-05-16 12:21:19 INFO  c.d.h.HelloController:16 -   - An INFO Message
2023-05-16 12:21:19 WARN  c.d.h.HelloController:17 -   - A WARN Message
2023-05-16 12:21:19 ERROR c.d.h.HelloController:18 -   - An ERROR Message
2023-05-16 12:21:22 INFO  c.d.h.HelloController:16 -   - An INFO Message
2023-05-16 12:21:22 WARN  c.d.h.HelloController:17 -   - A WARN Message
2023-05-16 12:21:22 ERROR c.d.h.HelloController:18 -   - An ERROR Message
2023-05-16 12:21:24 INFO  c.d.h.HelloController:16 -   - An INFO Message
2023-05-16 12:21:24 WARN  c.d.h.HelloController:17 -   - A WARN Message
2023-05-16 12:21:24 ERROR c.d.h.HelloController:18 -   - An ERROR Message
2023-05-16 12:21:26 INFO  c.d.h.HelloController:16 -   - An INFO Message
2023-05-16 12:21:26 WARN  c.d.h.HelloController:17 -   - A WARN Message
2023-05-16 12:21:26 ERROR c.d.h.HelloController:18 -   - An ERROR Message
2023-05-16 12:21:28 INFO  c.d.h.HelloController:16 -   - An INFO Message
2023-05-16 12:21:28 WARN  c.d.h.HelloController:17 -   - A WARN Message
2023-05-16 12:21:28 ERROR c.d.h.HelloController:18 -   - An ERROR Message
2023-05-16 12:21:30 INFO  c.d.h.HelloController:16 -   - An INFO Message
2023-05-16 12:21:30 WARN  c.d.h.HelloController:17 -   - A WARN Message
2023-05-16 12:21:30 ERROR c.d.h.HelloController:18 -   - An ERROR Message
2023-05-16 12:21:32 INFO  c.d.h.HelloController:16 -   - An INFO Message
2023-05-16 12:21:32 WARN  c.d.h.HelloController:17 -   - A WARN Message
2023-05-16 12:21:32 ERROR c.d.h.HelloController:18 -   - An ERROR Message
2023-05-16 12:21:34 INFO  c.d.h.HelloController:16 -   - An INFO Message
2023-05-16 12:21:34 WARN  c.d.h.HelloController:17 -   - A WARN Message
2023-05-16 12:21:34 ERROR c.d.h.HelloController:18 -   - An ERROR Message
2023-05-16 12:21:36 INFO  c.d.h.HelloController:16 -   - An INFO Message
2023-05-16 12:21:36 WARN  c.d.h.HelloController:17 -   - A WARN Message
2023-05-16 12:21:36 ERROR c.d.h.HelloController:18 -   - An ERROR Message
2023-05-16 12:21:38 INFO  c.d.h.HelloController:16 -   - An INFO Message
2023-05-16 12:21:38 WARN  c.d.h.HelloController:17 -   - A WARN Message
2023-05-16 12:21:38 ERROR c.d.h.HelloController:18 -   - An ERROR Message
2023-05-16 12:21:40 INFO  c.d.h.HelloController:16 -   - An INFO Message
2023-05-16 12:21:40 WARN  c.d.h.HelloController:17 -   - A WARN Message
2023-05-16 12:21:40 ERROR c.d.h.HelloController:18 -   - An ERROR Message
2023-05-16 12:21:42 INFO  c.d.h.HelloController:16 -   - An INFO Message
2023-05-16 12:21:42 WARN  c.d.h.HelloController:17 -   - A WARN Message
2023-05-16 12:21:42 ERROR c.d.h.HelloController:18 -   - An ERROR Message
2023-05-16 12:21:44 INFO  c.d.h.HelloController:16 -   - An INFO Message
2023-05-16 12:21:44 WARN  c.d.h.HelloController:17 -   - A WARN Message
2023-05-16 12:21:44 ERROR c.d.h.HelloController:18 -   - An ERROR Message
2023-05-16 12:21:47 INFO  c.d.h.HelloController:16 -   - An INFO Message
2023-05-16 12:21:47 WARN  c.d.h.HelloController:17 -   - A WARN Message
2023-05-16 12:21:47 ERROR c.d.h.HelloController:18 -   - An ERROR Message
2023-05-16 12:21:49 INFO  c.d.h.HelloController:16 -   - An INFO Message
2023-05-16 12:21:49 WARN  c.d.h.HelloController:17 -   - A WARN Message
2023-05-16 12:21:49 ERROR c.d.h.HelloController:18 -   - An ERROR Message
2023-05-16 12:21:51 INFO  c.d.h.HelloController:16 -   - An INFO Message
2023-05-16 12:21:51 WARN  c.d.h.HelloController:17 -   - A WARN Message
2023-05-16 12:21:51 ERROR c.d.h.HelloController:18 -   - An ERROR Message
2023-05-16 12:21:53 INFO  c.d.h.HelloController:16 -   - An INFO Message
2023-05-16 12:21:53 WARN  c.d.h.HelloController:17 -   - A WARN Message
2023-05-16 12:21:53 ERROR c.d.h.HelloController:18 -   - An ERROR Message
2023-05-16 12:21:55 INFO  c.d.h.HelloController:16 -   - An INFO Message
2023-05-16 12:21:55 WARN  c.d.h.HelloController:17 -   - A WARN Message
2023-05-16 12:21:55 ERROR c.d.h.HelloController:18 -   - An ERROR Message
2023-05-16 12:21:57 INFO  c.d.h.HelloController:16 -   - An INFO Message
2023-05-16 12:21:57 WARN  c.d.h.HelloController:17 -   - A WARN Message
2023-05-16 12:21:57 ERROR c.d.h.HelloController:18 -   - An ERROR Message
2023-05-16 12:21:59 INFO  c.d.h.HelloController:16 -   - An INFO Message
2023-05-16 12:21:59 WARN  c.d.h.HelloController:17 -   - A WARN Message
2023-05-16 12:21:59 ERROR c.d.h.HelloController:18 -   - An ERROR Message
2023-05-16 12:22:01 INFO  c.d.h.HelloController:16 -   - An INFO Message
2023-05-16 12:22:01 WARN  c.d.h.HelloController:17 -   - A WARN Message
2023-05-16 12:22:01 ERROR c.d.h.HelloController:18 -   - An ERROR Message
2023-05-16 12:22:03 INFO  c.d.h.HelloController:16 -   - An INFO Message
2023-05-16 12:22:03 WARN  c.d.h.HelloController:17 -   - A WARN Message
2023-05-16 12:22:03 ERROR c.d.h.HelloController:18 -   - An ERROR Message
2023-05-16 12:22:05 INFO  c.d.h.HelloController:16 -   - An INFO Message
2023-05-16 12:22:05 WARN  c.d.h.HelloController:17 -   - A WARN Message
2023-05-16 12:22:05 ERROR c.d.h.HelloController:18 -   - An ERROR Message
2023-05-16 12:22:07 INFO  c.d.h.HelloController:16 -   - An INFO Message
2023-05-16 12:22:07 WARN  c.d.h.HelloController:17 -   - A WARN Message
2023-05-16 12:22:07 ERROR c.d.h.HelloController:18 -   - An ERROR Message
2023-05-16 12:22:09 INFO  c.d.h.HelloController:16 -   - An INFO Message
2023-05-16 12:22:09 WARN  c.d.h.HelloController:17 -   - A WARN Message
2023-05-16 12:22:09 ERROR c.d.h.HelloController:18 -   - An ERROR Message
2023-05-16 12:22:11 INFO  c.d.h.HelloController:16 -   - An INFO Message
2023-05-16 12:22:11 WARN  c.d.h.HelloController:17 -   - A WARN Message
2023-05-16 12:22:11 ERROR c.d.h.HelloController:18 -   - An ERROR Message
2023-05-16 12:22:14 INFO  c.d.h.HelloController:16 -   - An INFO Message
2023-05-16 12:22:14 WARN  c.d.h.HelloController:17 -   - A WARN Message
2023-05-16 12:22:14 ERROR c.d.h.HelloController:18 -   - An ERROR Message
2023-05-16 12:22:16 INFO  c.d.h.HelloController:16 -   - An INFO Message
2023-05-16 12:22:16 WARN  c.d.h.HelloController:17 -   - A WARN Message
2023-05-16 12:22:16 ERROR c.d.h.HelloController:18 -   - An ERROR Message
2023-05-16 12:22:18 INFO  c.d.h.HelloController:16 -   - An INFO Message
2023-05-16 12:22:18 WARN  c.d.h.HelloController:17 -   - A WARN Message
2023-05-16 12:22:18 ERROR c.d.h.HelloController:18 -   - An ERROR Message
2023-05-16 12:22:20 INFO  c.d.h.HelloController:16 -   - An INFO Message
2023-05-16 12:22:20 WARN  c.d.h.HelloController:17 -   - A WARN Message
2023-05-16 12:22:20 ERROR c.d.h.HelloController:18 -   - An ERROR Message
2023-05-16 12:22:22 INFO  c.d.h.HelloController:16 -   - An INFO Message
2023-05-16 12:22:22 WARN  c.d.h.HelloController:17 -   - A WARN Message
2023-05-16 12:22:22 ERROR c.d.h.HelloController:18 -   - An ERROR Message
2023-05-16 12:22:24 INFO  c.d.h.HelloController:16 -   - An INFO Message
2023-05-16 12:22:24 WARN  c.d.h.HelloController:17 -   - A WARN Message
2023-05-16 12:22:24 ERROR c.d.h.HelloController:18 -   - An ERROR Message
2023-05-16 12:22:26 INFO  c.d.h.HelloController:16 -   - An INFO Message
2023-05-16 12:22:26 WARN  c.d.h.HelloController:17 -   - A WARN Message
2023-05-16 12:22:26 ERROR c.d.h.HelloController:18 -   - An ERROR Message
2023-05-16 12:22:28 INFO  c.d.h.HelloController:16 -   - An INFO Message
2023-05-16 12:22:28 WARN  c.d.h.HelloController:17 -   - A WARN Message
2023-05-16 12:22:28 ERROR c.d.h.HelloController:18 -   - An ERROR Message
2023-05-16 12:22:30 INFO  c.d.h.HelloController:16 -   - An INFO Message
2023-05-16 12:22:30 WARN  c.d.h.HelloController:17 -   - A WARN Message
2023-05-16 12:22:30 ERROR c.d.h.HelloController:18 -   - An ERROR Message
2023-05-16 12:22:32 INFO  c.d.h.HelloController:16 -   - An INFO Message
2023-05-16 12:22:32 WARN  c.d.h.HelloController:17 -   - A WARN Message
2023-05-16 12:22:32 ERROR c.d.h.HelloController:18 -   - An ERROR Message
2023-05-16 12:22:34 INFO  c.d.h.HelloController:16 -   - An INFO Message
2023-05-16 12:22:34 WARN  c.d.h.HelloController:17 -   - A WARN Message
2023-05-16 12:22:34 ERROR c.d.h.HelloController:18 -   - An ERROR Message
2023-05-16 12:22:36 INFO  c.d.h.HelloController:16 -   - An INFO Message
2023-05-16 12:22:36 WARN  c.d.h.HelloController:17 -   - A WARN Message
2023-05-16 12:22:36 ERROR c.d.h.HelloController:18 -   - An ERROR Message
2023-05-16 12:22:39 INFO  c.d.h.HelloController:16 -   - An INFO Message
2023-05-16 12:22:39 WARN  c.d.h.HelloController:17 -   - A WARN Message
2023-05-16 12:22:39 ERROR c.d.h.HelloController:18 -   - An ERROR Message
2023-05-16 12:22:41 INFO  c.d.h.HelloController:16 -   - An INFO Message
2023-05-16 12:22:41 WARN  c.d.h.HelloController:17 -   - A WARN Message
2023-05-16 12:22:41 ERROR c.d.h.HelloController:18 -   - An ERROR Message
2023-05-16 12:22:43 INFO  c.d.h.HelloController:16 -   - An INFO Message
2023-05-16 12:22:43 WARN  c.d.h.HelloController:17 -   - A WARN Message
2023-05-16 12:22:43 ERROR c.d.h.HelloController:18 -   - An ERROR Message
2023-05-16 12:22:45 INFO  c.d.h.HelloController:16 -   - An INFO Message
2023-05-16 12:22:45 WARN  c.d.h.HelloController:17 -   - A WARN Message
2023-05-16 12:22:45 ERROR c.d.h.HelloController:18 -   - An ERROR Message
2023-05-16 12:22:47 INFO  c.d.h.HelloController:16 -   - An INFO Message
2023-05-16 12:22:47 WARN  c.d.h.HelloController:17 -   - A WARN Message
2023-05-16 12:22:47 ERROR c.d.h.HelloController:18 -   - An ERROR Message
2023-05-16 12:22:49 INFO  c.d.h.HelloController:16 -   - An INFO Message
2023-05-16 12:22:49 WARN  c.d.h.HelloController:17 -   - A WARN Message
2023-05-16 12:22:49 ERROR c.d.h.HelloController:18 -   - An ERROR Message
2023-05-16 12:22:51 INFO  c.d.h.HelloController:16 -   - An INFO Message
2023-05-16 12:22:51 WARN  c.d.h.HelloController:17 -   - A WARN Message
2023-05-16 12:22:51 ERROR c.d.h.HelloController:18 -   - An ERROR Message
2023-05-16 12:22:53 INFO  c.d.h.HelloController:16 -   - An INFO Message
2023-05-16 12:22:53 WARN  c.d.h.HelloController:17 -   - A WARN Message
2023-05-16 12:22:53 ERROR c.d.h.HelloController:18 -   - An ERROR Message
2023-05-16 12:22:55 INFO  c.d.h.HelloController:16 -   - An INFO Message
2023-05-16 12:22:55 WARN  c.d.h.HelloController:17 -   - A WARN Message
2023-05-16 12:22:55 ERROR c.d.h.HelloController:18 -   - An ERROR Message
2023-05-16 12:22:57 INFO  c.d.h.HelloController:16 -   - An INFO Message
2023-05-16 12:22:57 WARN  c.d.h.HelloController:17 -   - A WARN Message
2023-05-16 12:22:57 ERROR c.d.h.HelloController:18 -   - An ERROR Message
2023-05-16 12:22:59 INFO  c.d.h.HelloController:16 -   - An INFO Message
2023-05-16 12:22:59 WARN  c.d.h.HelloController:17 -   - A WARN Message
2023-05-16 12:22:59 ERROR c.d.h.HelloController:18 -   - An ERROR Message
2023-05-16 12:23:02 INFO  c.d.h.HelloController:16 -   - An INFO Message
2023-05-16 12:23:02 WARN  c.d.h.HelloController:17 -   - A WARN Message
2023-05-16 12:23:02 ERROR c.d.h.HelloController:18 -   - An ERROR Message
2023-05-16 12:23:04 INFO  c.d.h.HelloController:16 -   - An INFO Message
2023-05-16 12:23:04 WARN  c.d.h.HelloController:17 -   - A WARN Message
2023-05-16 12:23:04 ERROR c.d.h.HelloController:18 -   - An ERROR Message
2023-05-16 12:23:06 INFO  c.d.h.HelloController:16 -   - An INFO Message
2023-05-16 12:23:06 WARN  c.d.h.HelloController:17 -   - A WARN Message
2023-05-16 12:23:06 ERROR c.d.h.HelloController:18 -   - An ERROR Message
2023-05-16 12:23:08 INFO  c.d.h.HelloController:16 -   - An INFO Message
2023-05-16 12:23:08 WARN  c.d.h.HelloController:17 -   - A WARN Message
2023-05-16 12:23:08 ERROR c.d.h.HelloController:18 -   - An ERROR Message
